<?xml version="1.0" encoding="UTF-8"?>
<coverage generated="1519685894785" clover="3.2.0">
  <project timestamp="1519685894785" name="All files">
    <metrics statements="7" coveredstatements="7" conditionals="2" coveredconditionals="2" methods="2" coveredmethods="1" elements="11" coveredelements="10" complexity="0" loc="7" ncloc="7" packages="1" files="1" classes="1">
      <file name="app.js" path="/Users/wvmitchell/Dropbox/Turing/Teaching/Demos/introducing-sagas/saga-server/src/app.js">
        <metrics statements="7" coveredstatements="7" conditionals="2" coveredconditionals="2" methods="2" coveredmethods="1"/>
        <line num="3" count="1" type="stmt"/>
        <line num="5" count="1" type="stmt"/>
        <line num="7" count="1" type="stmt"/>
        <line num="8" count="2" type="cond" truecount="2" falsecount="0"/>
        <line num="9" count="1" type="stmt"/>
        <line num="11" count="1" type="stmt"/>
        <line num="15" count="1" type="stmt"/>
      </file>
    </metrics>
  </project>
</coverage>
